==========================
Time : 2018-05-23 16:12:19
Claim : 支持美國牛輸入台灣
News Search : 美國牛輸入台灣
==========================
Time : 2018-06-28 11:10:15
Claim : 不支持調漲基本薪資
News Search : 調漲基本薪資
==========================
Time : 2018-06-28 11:10:38
Claim : 支持調漲基本薪資
News Search : 調漲基本薪資
==========================
Time : 2018-06-28 11:13:08
Claim : 支持調漲基本薪資
News Search : 調漲基本薪資
==========================
Time : 2018-06-28 11:14:40
Claim : 支持年金改革
News Search : 年金改革
==========================
Time : 2018-06-28 11:14:52
Claim : 支持年金改革
News Search : 年金改革
==========================
Time : 2018-06-28 11:15:51
Claim : 不支持年金改革
News Search : 年金改革
==========================
Time : 2018-06-28 11:16:22
Claim : 支持年金改革
News Search : 年金改革
==========================
Time : 2018-06-28 11:19:13
Claim : 支持調漲基本薪資
News Search : 調漲基本薪資
==========================
Time : 2018-07-08 21:28:56
Claim : 支持調漲基本薪資
News Search : 調漲基本薪資
==========================
Time : 2018-07-09 10:38:50
Claim : 支持調漲基本薪資
News Search : 調漲基本薪資
==========================
Time : 2018-07-09 10:42:31
Claim : 不支持調漲基本薪資
News Search : 調漲基本薪資
==========================
Time : 2018-07-09 10:44:28
Claim : 支持深澳發電廠
News Search : 深澳發電廠
==========================
Time : 2018-07-09 10:45:38
Claim : 支持停建核四廠
News Search : 停建核四廠
==========================
Time : 2018-07-09 10:49:16
Claim : 支持核能四號電廠停建
News Search : 核能四號電廠停建
==========================
Time : 2018-07-09 10:50:28
Claim : 支持台灣停建核四
News Search : 台灣停建核四
==========================
Time : 2018-07-09 11:05:14
Claim : 支持美國牛進口
News Search : 美國牛進口
==========================
Time : 2018-07-09 11:06:44
Claim : 支持美國牛進口台灣
News Search : 美國牛進口台灣
==========================
Time : 2018-07-09 11:07:12
Claim : 支持美國牛
News Search : 美國牛
==========================
Time : 2018-07-09 11:07:52
Claim : 支持美牛進口
News Search : 美牛進口
==========================
Time : 2018-07-09 11:10:04
Claim : 支持美國牛肉進口
News Search : 美國牛肉進口
==========================
Time : 2018-07-09 11:10:38
Claim : 支持台灣應進口美國牛肉
News Search : 台灣應進口美國牛肉
==========================
Time : 2018-07-09 11:12:22
Claim : 支持美麗灣渡假村建設
News Search : 美麗灣渡假村建設
==========================
Time : 2018-07-09 11:14:19
Claim : 支持多元成家
News Search : 多元成家
==========================
Time : 2018-07-09 11:15:22
Claim : 支持多元成家方案
News Search : 多元成家方案
==========================
Time : 2018-07-09 11:18:15
Claim : 支持多元成家方案
News Search : 多元成家方案
==========================
Time : 2018-07-09 11:18:41
Claim : 支持多元成家方案
News Search : 多元成家方案
==========================
Time : 2018-07-09 11:19:14
Claim : 支持婚姻平權
News Search : 婚姻平權
==========================
Time : 2018-07-09 11:23:55
Claim : 不支持婚姻平權
News Search : 婚姻平權
==========================
Time : 2018-07-09 11:24:40
Claim : 不支持婚姻平權
News Search : 婚姻平權
==========================
Time : 2018-07-09 11:25:07
Claim : 不支持婚姻平權
News Search : 婚姻平權
==========================
Time : 2018-07-09 11:27:25
Claim : 支持服貿協定
News Search : 服貿協定
==========================
Time : 2018-07-09 11:28:58
Claim : 支持服貿
News Search : 服貿
==========================
Time : 2018-07-09 11:31:20
Claim : 支持自由經濟示範區
News Search : 自由經濟示範區
==========================
Time : 2018-07-13 14:14:35
Claim : 支持調漲基本薪資
News Search : 調漲基本薪資
==========================
Time : 2018-07-13 14:17:33
Claim : 支持調漲基本薪資
News Search : 調漲基本薪資
==========================
Time : 2018-07-13 14:19:50
Claim : 支持調漲基本薪資
News Search : 調漲基本薪資
==========================
Time : 2018-07-13 14:21:02
Claim : 支持調漲基本薪資
News Search : 調漲基本薪資
==========================
Time : 2018-07-13 14:22:16
Claim : 不支持調漲基本薪資
News Search : 調漲基本薪資
==========================
Time : 2018-07-13 14:23:08
Claim : 支持婚姻平權
News Search : 婚姻平權
==========================
Time : 2018-07-13 14:24:09
Claim : 不支持婚姻平權
News Search : 婚姻平權
==========================
Time : 2018-07-13 14:24:52
Claim : 支持興建核四
News Search : 興建核四
==========================
Time : 2018-07-13 14:25:53
Claim : 支持美麗灣度假村
News Search : 美麗灣度假村
==========================
Time : 2018-07-13 14:26:23
Claim : 不支持美麗灣度假村
News Search : 美麗灣度假村
==========================
Time : 2018-07-13 14:28:27
Claim : 支持調漲基本薪資
News Search : 調漲基本薪資
==========================
Time : 2018-07-13 14:29:08
Claim : 不支持調漲基本薪資
News Search : 調漲基本薪資
==========================
Time : 2018-07-13 14:29:42
Claim : 支持美麗灣度假村
News Search : 美麗灣度假村
==========================
Time : 2018-07-14 09:52:59
Claim : 支持支持調漲基本薪資
News Search : 調漲基本薪資
==========================
Time : 2018-07-14 09:53:17
Claim : 支持反對調漲基本薪資
News Search : 反對調漲基本薪資
==========================
Time : 2018-07-14 09:53:30
Claim : 支持反對反對調漲基本薪資
News Search : 反對反對調漲基本薪資
