==========================
Time : 2018-05-23 16:12:19
Claim : 支持美國牛輸入台灣
News Search : 美國牛輸入台灣
==========================
Time : 2018-05-23 16:12:57
Claim : 支持美國牛輸入台灣
News Search : 美國牛輸入台灣
==========================
Time : 2018-06-01 14:18:35
Claim : 支持美國牛輸入台灣
News Search : 美國牛輸入台灣
==========================
Time : 2018-06-09 11:06:43
Claim : 支持美國牛輸入台灣
News Search : 美國牛輸入台灣
==========================
Time : 2018-06-14 13:03:56
Claim : 支持美國牛輸入台灣
News Search : 美國牛輸入台灣
==========================
Time : 2018-06-14 13:46:35
Claim : 支持美國牛輸入台灣
News Search : 美國牛輸入台灣
==========================
Time : 2018-06-21 10:07:49
Claim : 支持美國牛輸入台灣
News Search : 美國牛輸入台灣
==========================
Time : 2018-06-21 10:09:33
Claim : 支持年金改革
News Search : 年金改革
==========================
Time : 2018-06-21 10:12:07
Claim : 反對年金改革
News Search : 年金改革
==========================
Time : 2018-06-21 11:42:38
Claim : 支持美國牛輸入台灣
News Search : 美國牛輸入台灣
==========================
Time : 2018-06-21 11:43:00
Claim : 反對美國牛輸入台灣
News Search : 美國牛輸入台灣
==========================
Time : 2018-06-21 11:43:22
Claim : 反對核四興建
News Search : 核四興建
==========================
Time : 2018-06-21 11:43:47
Claim : 支持核四興建
News Search : 核四興建
==========================
Time : 2018-06-25 00:32:45
Claim : 支持美國牛進口台灣
News Search : 美國牛進口台灣
==========================
Time : 2018-06-28 08:59:56
Claim : 支持美國牛輸入台灣
News Search : 美國牛輸入台灣
==========================
Time : 2018-06-28 09:01:57
Claim : 支持美國牛輸入台灣
News Search : 美國牛輸入台灣
==========================
Time : 2018-06-28 09:02:20
Claim : 不支持美國牛輸入台灣
News Search : 美國牛輸入台灣
==========================
Time : 2018-06-28 09:02:34
Claim : 支持美國牛輸入台灣
News Search : 美國牛輸入台灣
==========================
Time : 2018-06-28 09:03:08
Claim : 支持美國牛
News Search : 美國牛
==========================
Time : 2018-06-28 09:03:49
Claim : 不支持美國牛
News Search : 美國牛
==========================
Time : 2018-06-28 09:04:28
Claim : 支持服貿
News Search : 服貿
==========================
Time : 2018-06-28 09:05:48
Claim : 支持美牛進口
News Search : 美牛進口
==========================
Time : 2018-06-28 09:40:39
Claim : 支持多元成家方案
News Search : 多元成家方案
==========================
Time : 2018-06-28 09:42:04
Claim : 支持"多元成家方案"
News Search : "多元成家方案"
==========================
Time : 2018-06-28 09:43:27
Claim : 支持多元成家方案
News Search : 多元成家方案
==========================
Time : 2018-06-28 09:43:38
Claim : 支持多元成家方案
News Search : 多元成家方案
==========================
Time : 2018-06-28 09:46:31
Claim : 支持多元成家方案
News Search : 多元成家方案
==========================
Time : 2018-06-28 09:48:21
Claim : 反對多元成家方案
News Search : 多元成家方案
==========================
Time : 2018-06-28 09:49:13
Claim : 支持建設美麗灣渡假村
News Search : 建設美麗灣渡假村
==========================
Time : 2018-06-28 09:52:00
Claim : 支持美麗灣渡假村
News Search : 美麗灣渡假村
==========================
Time : 2018-06-28 09:53:30
Claim : 支持核四停建
News Search : 核四停建
==========================
Time : 2018-06-28 09:59:01
Claim : 支持服貿協定
News Search : 服貿協定
==========================
Time : 2018-06-28 10:02:34
Claim : 不支持服貿協定
News Search : 服貿協定
==========================
Time : 2018-06-28 10:03:07
Claim : 支持服貿協定
News Search : 服貿協定
==========================
Time : 2018-06-28 10:03:37
Claim : 支持核四停建
News Search : 核四停建
==========================
Time : 2018-06-28 10:04:13
Claim : 不支持核四停建
News Search : 核四停建
==========================
Time : 2018-06-28 10:05:36
Claim : 支持自經區條例
News Search : 自經區條例
==========================
Time : 2018-06-28 10:08:03
Claim : 不支持自經區條例
News Search : 自經區條例
==========================
Time : 2018-06-28 10:10:34
Claim : 反對自經區條例
News Search : 自經區條例
==========================
Time : 2018-06-28 10:13:38
Claim : 支持調漲基本薪資
News Search : 調漲基本薪資
==========================
Time : 2018-06-28 10:16:53
Claim : 不支持調漲基本薪資
News Search : 調漲基本薪資
==========================
Time : 2018-06-28 10:19:52
Claim : 不支持調漲台灣基本薪資
News Search : 調漲台灣基本薪資
==========================
Time : 2018-06-28 10:20:37
Claim : 支持調漲台灣基本薪資
News Search : 調漲台灣基本薪資
==========================
Time : 2018-06-28 10:21:38
Claim : 支持美牛輸入台灣
News Search : 美牛輸入台灣
==========================
Time : 2018-06-28 10:23:39
Claim : 支持美牛輸入台灣
News Search : 美牛輸入台灣
==========================
Time : 2018-06-28 10:27:14
Claim : 支持美牛輸入台灣
News Search : 美牛輸入台灣
==========================
Time : 2018-06-28 10:28:55
Claim : 支持美牛輸入台灣
News Search : 美牛輸入台灣
==========================
Time : 2018-06-28 10:30:41
Claim : 支持美牛輸入台灣
News Search : 美牛輸入台灣
==========================
Time : 2018-06-28 10:32:30
Claim : 支持美牛輸入台灣
News Search : 美牛輸入台灣
==========================
Time : 2018-06-28 10:42:12
Claim : 支持美牛輸入台灣
News Search : 美牛輸入台灣
==========================
Time : 2018-06-28 10:42:35
Claim : 支持美牛輸入台灣
News Search : 美牛輸入台灣
==========================
Time : 2018-06-28 10:43:10
Claim : 不支持美牛輸入台灣
News Search : 美牛輸入台灣
==========================
Time : 2018-06-28 11:04:14
Claim : 支持支持調漲基本薪資
News Search : 調漲基本薪資
==========================
Time : 2018-06-28 11:04:56
Claim : 支持調漲基本薪資
News Search : 調漲基本薪資
==========================
Time : 2018-06-28 11:06:00
Claim : 支持調漲基本薪資
News Search : 調漲基本薪資
==========================
Time : 2018-06-28 11:06:22
Claim : 不支持調漲基本薪資
News Search : 調漲基本薪資
